<?xml version="1.0" encoding="UTF-8"?>
<!-- Generated by org.testng.reporters.JUnitReportReporter -->
<testsuite hostname="Home-MainPC" failures="0" tests="1" name="testCases.TC_002_LoginTest" time="11.776" errors="0" timestamp="2024-11-01T21:14:44 EDT" skipped="0">
  <testcase classname="testCases.TC_002_LoginTest" name="verify_login" time="11.776"/>
</testsuite> <!-- testCases.TC_002_LoginTest -->
