<?xml version="1.0" encoding="UTF-8"?>
<!-- Generated by org.testng.reporters.JUnitReportReporter -->
<testsuite hostname="Home-MainPC" failures="0" tests="3" name="testCases.TC_001_AccountRegistrationTest" time="61.893" errors="0" timestamp="2024-11-01T19:52:25 EDT" skipped="0">
  <testcase classname="testCases.TC_001_AccountRegistrationTest" name="verify_account_registration" time="27.427"/>
  <testcase classname="testCases.TC_001_AccountRegistrationTest" name="verify_account_registration" time="11.612"/>
  <testcase classname="testCases.TC_001_AccountRegistrationTest" name="verify_account_registration" time="22.854"/>
</testsuite> <!-- testCases.TC_001_AccountRegistrationTest -->
