<?xml version="1.0" encoding="UTF-8"?>
<!-- Generated by org.testng.reporters.JUnitReportReporter -->
<testsuite hostname="Home-MainPC" failures="0" tests="1" name="testCases.TC_001_AccountRegistrationTest" time="13.460" errors="0" timestamp="2024-11-02T10:57:18 EDT" skipped="0">
  <testcase classname="testCases.TC_001_AccountRegistrationTest" name="verify_account_registration" time="13.460"/>
</testsuite> <!-- testCases.TC_001_AccountRegistrationTest -->
